<?xml version="1.0" encoding="UTF-8"?>
<testsuite name="RunCukesTestGroovy" tests="0" skipped="0" failures="0" errors="0" timestamp="1970-01-01T00:00:00" hostname="csn-cgz-cae-071" time="0.0">
  <properties/>
  <system-out><![CDATA[Feature: I have to test the service call
  I have to get the service call using cucumber

  Scenario: Perform scenario with parameter    ?[90m# TransformPoC.feature:13?[0m
    ?[32mGiven ?[0m?[32mI perform simple call with ?[0m?[32m?[1mparamater?[0m ?[90m# RestClientSteps.groovy:43?[0m
Feature: I have to test the service call
  I have to get the service call using cucumber

  Scenario: Perform a post call   ?[90m# TransformPoC_1.feature:10?[0m
    ?[32mGiven ?[0m?[32mI perform the post call?[0m ?[90m# RestClientSteps.groovy:33?[0m

7 Scenarios (?[32m7 passed?[0m)
7 Steps (?[32m7 passed?[0m)
0m10.119s

]]></system-out>
  <system-err><![CDATA[]]></system-err>
</testsuite>
