<?xml version="1.0" encoding="UTF-8"?>
<testsuite name="Scenario: Perform a get call with query paramater" tests="4" skipped="0" failures="0" errors="0" timestamp="2016-05-31T15:09:54" hostname="csn-cgz-cae-071" time="1.171">
  <properties/>
  <testcase name="Given I git the get call with query param" classname="Scenario: Perform a get call with query paramater" time="0.0"/>
  <testcase name="classMethod" classname="Scenario: Perform a get call with query paramater" time="0.476"/>
  <testcase name="Given I git the get call with query param" classname="Scenario: Perform a get call with query paramater" time="0.0"/>
  <testcase name="classMethod" classname="Scenario: Perform a get call with query paramater" time="0.28"/>
  <system-out><![CDATA[
  @restService
  Scenario: Perform a get call          ?[90m# TransformPoC.feature:5?[0m
    ?[32mGiven ?[0m?[32mI hit the get country service?[0m ?[90m# RestClientSteps.groovy:21?[0m
sunt aut facere repellat provident occaecati excepturi optio reprehenderit
qui est esse
ea molestias quasi exercitationem repellat qui ipsa sit aut
eum et est occaecati
nesciunt quas odio
dolorem eum magni eos aperiam quia
magnam facilis autem
dolorem dolore est ipsam
nesciunt iure omnis dolorem tempora et accusantium
optio molestias id quia eum

  @restService
  Scenario: Perform a get call          ?[90m# TransformPoC_1.feature:5?[0m
    ?[32mGiven ?[0m?[32mI hit the get country service?[0m ?[90m# RestClientSteps.groovy:21?[0m
sunt aut facere repellat provident occaecati excepturi optio reprehenderit
qui est esse
ea molestias quasi exercitationem repellat qui ipsa sit aut
eum et est occaecati
nesciunt quas odio
dolorem eum magni eos aperiam quia
magnam facilis autem
dolorem dolore est ipsam
nesciunt iure omnis dolorem tempora et accusantium
optio molestias id quia eum
]]></system-out>
  <system-err><![CDATA[]]></system-err>
</testsuite>
