<?xml version="1.0" encoding="UTF-8"?>
<testsuite name="Scenario: Perform a get call1" tests="2" skipped="0" failures="0" errors="0" timestamp="2016-05-30T09:33:55" hostname="csn-cgz-cae-071" time="0.001">
  <properties/>
  <testcase name="Given I hit the get country service" classname="Scenario: Perform a get call1" time="0.0"/>
  <testcase name="classMethod" classname="Scenario: Perform a get call1" time="0.1"/>
  <system-out><![CDATA[More webservices are available at http://www.groupkt.com/post/f2129b88/services.htm
]]></system-out>
  <system-err><![CDATA[]]></system-err>
</testsuite>
